<?xml version="1.0" encoding="UTF-8"?>
<testng-results ignored="0" total="1" passed="1" failed="0" skipped="0">
  <reporter-output>
  </reporter-output>
  <suite started-at="2024-05-23T15:49:24 CDT" name="Testing WebTables" finished-at="2024-05-23T15:49:52 CDT" duration-ms="28275">
    <groups>
    </groups>
    <test started-at="2024-05-23T15:49:24 CDT" name="Regression" finished-at="2024-05-23T15:49:52 CDT" duration-ms="28275">
      <class name="WebTableConcepts.WebTableConcepts">
        <test-method signature="VerifyTable()[pri:0, instance:WebTableConcepts.WebTableConcepts@2a54a73f]" started-at="2024-05-23T15:49:24 CDT" name="VerifyTable" finished-at="2024-05-23T15:49:52 CDT" duration-ms="28250" status="PASS">
          <reporter-output>
          </reporter-output>
        </test-method> <!-- VerifyTable -->
      </class> <!-- WebTableConcepts.WebTableConcepts -->
    </test> <!-- Regression -->
  </suite> <!-- Testing WebTables -->
</testng-results>
